# JRE version: Java(TM) SE Runtime Environment (8.0_111-b14) (build 1.8.0_111-b14)
# Java VM: Java HotSpot(TM) 64-Bit Server VM (25.111-b14 mixed mode linux-amd64 compressed oops)
Heap:
 PSYoungGen      total 57856K, used 14723K [0x00000000d7000000, 0x00000000db580000, 0x0000000100000000)
  eden space 55296K, 22% used [0x00000000d7000000,0x00000000d7c51188,0x00000000da600000)
  from space 2560K, 82% used [0x00000000db300000,0x00000000db50fc90,0x00000000db580000)
  to   space 5120K, 0% used [0x00000000dab80000,0x00000000dab80000,0x00000000db080000)
 ParOldGen       total 56832K, used 11655K [0x0000000085000000, 0x0000000088780000, 0x00000000d7000000)
  object space 56832K, 20% used [0x0000000085000000,0x0000000085b61eb0,0x0000000088780000)
 Metaspace       used 23822K, capacity 25386K, committed 25472K, reserved 1071104K
  class space    used 3320K, capacity 3628K, committed 3712K, reserved 1048576K
GC Heap History (10 events):
Event: 2.563 GC heap before
{Heap before GC invocations=1 (full 0):
 PSYoungGen      total 36864K, used 31018K [0x00000000d7000000, 0x00000000d9900000, 0x0000000100000000)
  eden space 31744K, 97% used [0x00000000d7000000,0x00000000d8e4a9b0,0x00000000d8f00000)
  from space 5120K, 0% used [0x00000000d9400000,0x00000000d9400000,0x00000000d9900000)
  to   space 5120K, 0% used [0x00000000d8f00000,0x00000000d8f00000,0x00000000d9400000)
 ParOldGen       total 84992K, used 0K [0x0000000085000000, 0x000000008a300000, 0x00000000d7000000)
  object space 84992K, 0% used [0x0000000085000000,0x0000000085000000,0x000000008a300000)
 Metaspace       used 11816K, capacity 12286K, committed 12544K, reserved 1060864K
  class space    used 1580K, capacity 1726K, committed 1792K, reserved 1048576K
Event: 2.578 GC heap after
Heap after GC invocations=1 (full 0):
 PSYoungGen      total 36864K, used 4177K [0x00000000d7000000, 0x00000000d9900000, 0x0000000100000000)
  eden space 31744K, 0% used [0x00000000d7000000,0x00000000d7000000,0x00000000d8f00000)
  from space 5120K, 81% used [0x00000000d8f00000,0x00000000d9314418,0x00000000d9400000)
  to   space 5120K, 0% used [0x00000000d9400000,0x00000000d9400000,0x00000000d9900000)
 ParOldGen       total 84992K, used 72K [0x0000000085000000, 0x000000008a300000, 0x00000000d7000000)
  object space 84992K, 0% used [0x0000000085000000,0x0000000085012010,0x000000008a300000)
 Metaspace       used 11816K, capacity 12286K, committed 12544K, reserved 1060864K
  class space    used 1580K, capacity 1726K, committed 1792K, reserved 1048576K
}
Event: 5.661 GC heap before
{Heap before GC invocations=2 (full 0):
 PSYoungGen      total 36864K, used 35194K [0x00000000d7000000, 0x00000000d9900000, 0x0000000100000000)
  eden space 31744K, 97% used [0x00000000d7000000,0x00000000d8e4a608,0x00000000d8f00000)
  from space 5120K, 81% used [0x00000000d8f00000,0x00000000d9314418,0x00000000d9400000)
  to   space 5120K, 0% used [0x00000000d9400000,0x00000000d9400000,0x00000000d9900000)
 ParOldGen       total 84992K, used 72K [0x0000000085000000, 0x000000008a300000, 0x00000000d7000000)
  object space 84992K, 0% used [0x0000000085000000,0x0000000085012010,0x000000008a300000)
 Metaspace       used 19707K, capacity 21170K, committed 21248K, reserved 1067008K
  class space    used 2993K, capacity 3288K, committed 3328K, reserved 1048576K
Event: 5.697 GC heap after
Heap after GC invocations=2 (full 0):
 PSYoungGen      total 36864K, used 5102K [0x00000000d7000000, 0x00000000d9900000, 0x0000000100000000)
  eden space 31744K, 0% used [0x00000000d7000000,0x00000000d7000000,0x00000000d8f00000)
  from space 5120K, 99% used [0x00000000d9400000,0x00000000d98fbb78,0x00000000d9900000)
  to   space 5120K, 0% used [0x00000000d8f00000,0x00000000d8f00000,0x00000000d9400000)
 ParOldGen       total 84992K, used 5685K [0x0000000085000000, 0x000000008a300000, 0x00000000d7000000)
  object space 84992K, 6% used [0x0000000085000000,0x000000008558d490,0x000000008a300000)
 Metaspace       used 19707K, capacity 21170K, committed 21248K, reserved 1067008K
  class space    used 2993K, capacity 3288K, committed 3328K, reserved 1048576K
}
Event: 5.718 GC heap before
{Heap before GC invocations=3 (full 0):
 PSYoungGen      total 36864K, used 6581K [0x00000000d7000000, 0x00000000d9900000, 0x0000000100000000)
  eden space 31744K, 4% used [0x00000000d7000000,0x00000000d7171900,0x00000000d8f00000)
  from space 5120K, 99% used [0x00000000d9400000,0x00000000d98fbb78,0x00000000d9900000)
  to   space 5120K, 0% used [0x00000000d8f00000,0x00000000d8f00000,0x00000000d9400000)
 ParOldGen       total 84992K, used 5685K [0x0000000085000000, 0x000000008a300000, 0x00000000d7000000)
  object space 84992K, 6% used [0x0000000085000000,0x000000008558d490,0x000000008a300000)
 Metaspace       used 19763K, capacity 21174K, committed 21248K, reserved 1067008K
  class space    used 3002K, capacity 3290K, committed 3328K, reserved 1048576K
Event: 5.732 GC heap after
Heap after GC invocations=3 (full 0):
 PSYoungGen      total 36864K, used 5117K [0x00000000d7000000, 0x00000000db800000, 0x0000000100000000)
  eden space 31744K, 0% used [0x00000000d7000000,0x00000000d7000000,0x00000000d8f00000)
  from space 5120K, 99% used [0x00000000d8f00000,0x00000000d93ff7a0,0x00000000d9400000)
  to   space 5120K, 0% used [0x00000000db300000,0x00000000db300000,0x00000000db800000)
 ParOldGen       total 84992K, used 6733K [0x0000000085000000, 0x000000008a300000, 0x00000000d7000000)
  object space 84992K, 7% used [0x0000000085000000,0x0000000085693460,0x000000008a300000)
 Metaspace       used 19763K, capacity 21174K, committed 21248K, reserved 1067008K
  class space    used 3002K, capacity 3290K, committed 3328K, reserved 1048576K
}
Event: 5.732 GC heap before
{Heap before GC invocations=4 (full 1):
 PSYoungGen      total 36864K, used 5117K [0x00000000d7000000, 0x00000000db800000, 0x0000000100000000)
  eden space 31744K, 0% used [0x00000000d7000000,0x00000000d7000000,0x00000000d8f00000)
  from space 5120K, 99% used [0x00000000d8f00000,0x00000000d93ff7a0,0x00000000d9400000)
  to   space 5120K, 0% used [0x00000000db300000,0x00000000db300000,0x00000000db800000)
 ParOldGen       total 84992K, used 6733K [0x0000000085000000, 0x000000008a300000, 0x00000000d7000000)
  object space 84992K, 7% used [0x0000000085000000,0x0000000085693460,0x000000008a300000)
 Metaspace       used 19763K, capacity 21174K, committed 21248K, reserved 1067008K
  class space    used 3002K, capacity 3290K, committed 3328K, reserved 1048576K
Event: 5.944 GC heap after
Heap after GC invocations=4 (full 1):
 PSYoungGen      total 36864K, used 0K [0x00000000d7000000, 0x00000000db800000, 0x0000000100000000)
  eden space 31744K, 0% used [0x00000000d7000000,0x00000000d7000000,0x00000000d8f00000)
  from space 5120K, 0% used [0x00000000d8f00000,0x00000000d8f00000,0x00000000d9400000)
  to   space 5120K, 0% used [0x00000000db300000,0x00000000db300000,0x00000000db800000)
 ParOldGen       total 56832K, used 11647K [0x0000000085000000, 0x0000000088780000, 0x00000000d7000000)
  object space 56832K, 20% used [0x0000000085000000,0x0000000085b5feb0,0x0000000088780000)
 Metaspace       used 19763K, capacity 21174K, committed 21248K, reserved 1067008K
  class space    used 3002K, capacity 3290K, committed 3328K, reserved 1048576K
}
Event: 38.017 GC heap before
{Heap before GC invocations=5 (full 1):
 PSYoungGen      total 36864K, used 31744K [0x00000000d7000000, 0x00000000db800000, 0x0000000100000000)
  eden space 31744K, 100% used [0x00000000d7000000,0x00000000d8f00000,0x00000000d8f00000)
  from space 5120K, 0% used [0x00000000d8f00000,0x00000000d8f00000,0x00000000d9400000)
  to   space 5120K, 0% used [0x00000000db300000,0x00000000db300000,0x00000000db800000)
 ParOldGen       total 56832K, used 11647K [0x0000000085000000, 0x0000000088780000, 0x00000000d7000000)
  object space 56832K, 20% used [0x0000000085000000,0x0000000085b5feb0,0x0000000088780000)
 Metaspace       used 23750K, capacity 25290K, committed 25472K, reserved 1071104K
  class space    used 3313K, capacity 3596K, committed 3712K, reserved 1048576K
Event: 38.027 GC heap after
Heap after GC invocations=5 (full 1):
 PSYoungGen      total 57856K, used 2111K [0x00000000d7000000, 0x00000000db580000, 0x0000000100000000)
  eden space 55296K, 0% used [0x00000000d7000000,0x00000000d7000000,0x00000000da600000)
  from space 2560K, 82% used [0x00000000db300000,0x00000000db50fc90,0x00000000db580000)
  to   space 5120K, 0% used [0x00000000dab80000,0x00000000dab80000,0x00000000db080000)
 ParOldGen       total 56832K, used 11655K [0x0000000085000000, 0x0000000088780000, 0x00000000d7000000)
  object space 56832K, 20% used [0x0000000085000000,0x0000000085b61eb0,0x0000000088780000)
 Metaspace       used 23750K, capacity 25290K, committed 25472K, reserved 1071104K
  class space    used 3313K, capacity 3596K, committed 3712K, reserved 1048576K
}

