# JRE version: Java(TM) SE Runtime Environment (8.0_111-b14) (build 1.8.0_111-b14)
# Java VM: Java HotSpot(TM) 64-Bit Server VM (25.111-b14 mixed mode linux-amd64 compressed oops)
Heap:
 PSYoungGen      total 43520K, used 9843K [0x00000000d7000000, 0x00000000db600000, 0x0000000100000000)
  eden space 38400K, 12% used [0x00000000d7000000,0x00000000d74a33c8,0x00000000d9580000)
  from space 5120K, 99% used [0x00000000d9580000,0x00000000d9a79840,0x00000000d9a80000)
  to   space 14336K, 0% used [0x00000000da800000,0x00000000da800000,0x00000000db600000)
 ParOldGen       total 74240K, used 21194K [0x0000000085000000, 0x0000000089880000, 0x00000000d7000000)
  object space 74240K, 28% used [0x0000000085000000,0x00000000864b2980,0x0000000089880000)
 Metaspace       used 25245K, capacity 26904K, committed 27136K, reserved 1073152K
  class space    used 3449K, capacity 3735K, committed 3840K, reserved 1048576K
GC Heap History (10 events):
Event: 4.515 GC heap before
{Heap before GC invocations=2 (full 0):
 PSYoungGen      total 36864K, used 34753K [0x00000000d7000000, 0x00000000d9900000, 0x0000000100000000)
  eden space 31744K, 96% used [0x00000000d7000000,0x00000000d8dd0178,0x00000000d8f00000)
  from space 5120K, 82% used [0x00000000d8f00000,0x00000000d9320408,0x00000000d9400000)
  to   space 5120K, 0% used [0x00000000d9400000,0x00000000d9400000,0x00000000d9900000)
 ParOldGen       total 84992K, used 72K [0x0000000085000000, 0x000000008a300000, 0x00000000d7000000)
  object space 84992K, 0% used [0x0000000085000000,0x0000000085012010,0x000000008a300000)
 Metaspace       used 19819K, capacity 21182K, committed 21248K, reserved 1067008K
  class space    used 3005K, capacity 3280K, committed 3328K, reserved 1048576K
Event: 4.541 GC heap after
Heap after GC invocations=2 (full 0):
 PSYoungGen      total 36864K, used 5102K [0x00000000d7000000, 0x00000000d9900000, 0x0000000100000000)
  eden space 31744K, 0% used [0x00000000d7000000,0x00000000d7000000,0x00000000d8f00000)
  from space 5120K, 99% used [0x00000000d9400000,0x00000000d98fbb60,0x00000000d9900000)
  to   space 5120K, 0% used [0x00000000d8f00000,0x00000000d8f00000,0x00000000d9400000)
 ParOldGen       total 84992K, used 6127K [0x0000000085000000, 0x000000008a300000, 0x00000000d7000000)
  object space 84992K, 7% used [0x0000000085000000,0x00000000855fbfc8,0x000000008a300000)
 Metaspace       used 19819K, capacity 21182K, committed 21248K, reserved 1067008K
  class space    used 3005K, capacity 3280K, committed 3328K, reserved 1048576K
}
Event: 4.541 GC heap before
{Heap before GC invocations=3 (full 1):
 PSYoungGen      total 36864K, used 5102K [0x00000000d7000000, 0x00000000d9900000, 0x0000000100000000)
  eden space 31744K, 0% used [0x00000000d7000000,0x00000000d7000000,0x00000000d8f00000)
  from space 5120K, 99% used [0x00000000d9400000,0x00000000d98fbb60,0x00000000d9900000)
  to   space 5120K, 0% used [0x00000000d8f00000,0x00000000d8f00000,0x00000000d9400000)
 ParOldGen       total 84992K, used 6127K [0x0000000085000000, 0x000000008a300000, 0x00000000d7000000)
  object space 84992K, 7% used [0x0000000085000000,0x00000000855fbfc8,0x000000008a300000)
 Metaspace       used 19819K, capacity 21182K, committed 21248K, reserved 1067008K
  class space    used 3005K, capacity 3280K, committed 3328K, reserved 1048576K
Event: 4.636 GC heap after
Heap after GC invocations=3 (full 1):
 PSYoungGen      total 36864K, used 0K [0x00000000d7000000, 0x00000000d9900000, 0x0000000100000000)
  eden space 31744K, 0% used [0x00000000d7000000,0x00000000d7000000,0x00000000d8f00000)
  from space 5120K, 0% used [0x00000000d9400000,0x00000000d9400000,0x00000000d9900000)
  to   space 5120K, 0% used [0x00000000d8f00000,0x00000000d8f00000,0x00000000d9400000)
 ParOldGen       total 74240K, used 11021K [0x0000000085000000, 0x0000000089880000, 0x00000000d7000000)
  object space 74240K, 14% used [0x0000000085000000,0x0000000085ac3458,0x0000000089880000)
 Metaspace       used 19819K, capacity 21182K, committed 21248K, reserved 1067008K
  class space    used 3005K, capacity 3280K, committed 3328K, reserved 1048576K
}
Event: 23.555 GC heap before
{Heap before GC invocations=4 (full 1):
 PSYoungGen      total 36864K, used 31029K [0x00000000d7000000, 0x00000000d9900000, 0x0000000100000000)
  eden space 31744K, 97% used [0x00000000d7000000,0x00000000d8e4d7e8,0x00000000d8f00000)
  from space 5120K, 0% used [0x00000000d9400000,0x00000000d9400000,0x00000000d9900000)
  to   space 5120K, 0% used [0x00000000d8f00000,0x00000000d8f00000,0x00000000d9400000)
 ParOldGen       total 74240K, used 11021K [0x0000000085000000, 0x0000000089880000, 0x00000000d7000000)
  object space 74240K, 14% used [0x0000000085000000,0x0000000085ac3458,0x0000000089880000)
 Metaspace       used 23569K, capacity 25008K, committed 25216K, reserved 1071104K
  class space    used 3300K, capacity 3591K, committed 3712K, reserved 1048576K
Event: 23.567 GC heap after
Heap after GC invocations=4 (full 1):
 PSYoungGen      total 36864K, used 4410K [0x00000000d7000000, 0x00000000d9f80000, 0x0000000100000000)
  eden space 31744K, 0% used [0x00000000d7000000,0x00000000d7000000,0x00000000d8f00000)
  from space 5120K, 86% used [0x00000000d8f00000,0x00000000d934e838,0x00000000d9400000)
  to   space 5120K, 0% used [0x00000000d9a80000,0x00000000d9a80000,0x00000000d9f80000)
 ParOldGen       total 74240K, used 11029K [0x0000000085000000, 0x0000000089880000, 0x00000000d7000000)
  object space 74240K, 14% used [0x0000000085000000,0x0000000085ac5458,0x0000000089880000)
 Metaspace       used 23569K, capacity 25008K, committed 25216K, reserved 1071104K
  class space    used 3300K, capacity 3591K, committed 3712K, reserved 1048576K
}
Event: 48.585 GC heap before
{Heap before GC invocations=5 (full 1):
 PSYoungGen      total 36864K, used 35903K [0x00000000d7000000, 0x00000000d9f80000, 0x0000000100000000)
  eden space 31744K, 99% used [0x00000000d7000000,0x00000000d8ec1750,0x00000000d8f00000)
  from space 5120K, 86% used [0x00000000d8f00000,0x00000000d934e838,0x00000000d9400000)
  to   space 5120K, 0% used [0x00000000d9a80000,0x00000000d9a80000,0x00000000d9f80000)
 ParOldGen       total 74240K, used 11029K [0x0000000085000000, 0x0000000089880000, 0x00000000d7000000)
  object space 74240K, 14% used [0x0000000085000000,0x0000000085ac5458,0x0000000089880000)
 Metaspace       used 24965K, capacity 26488K, committed 26624K, reserved 1073152K
  class space    used 3437K, capacity 3715K, committed 3840K, reserved 1048576K
Event: 48.608 GC heap after
Heap after GC invocations=5 (full 1):
 PSYoungGen      total 42496K, used 5119K [0x00000000d7000000, 0x00000000d9f80000, 0x0000000100000000)
  eden space 37376K, 0% used [0x00000000d7000000,0x00000000d7000000,0x00000000d9480000)
  from space 5120K, 99% used [0x00000000d9a80000,0x00000000d9f7fe50,0x00000000d9f80000)
  to   space 5120K, 0% used [0x00000000d9580000,0x00000000d9580000,0x00000000d9a80000)
 ParOldGen       total 74240K, used 16297K [0x0000000085000000, 0x0000000089880000, 0x00000000d7000000)
  object space 74240K, 21% used [0x0000000085000000,0x0000000085fea4f8,0x0000000089880000)
 Metaspace       used 24965K, capacity 26488K, committed 26624K, reserved 1073152K
  class space    used 3437K, capacity 3715K, committed 3840K, reserved 1048576K
}
Event: 83.483 GC heap before
{Heap before GC invocations=6 (full 1):
 PSYoungGen      total 42496K, used 42495K [0x00000000d7000000, 0x00000000d9f80000, 0x0000000100000000)
  eden space 37376K, 100% used [0x00000000d7000000,0x00000000d9480000,0x00000000d9480000)
  from space 5120K, 99% used [0x00000000d9a80000,0x00000000d9f7fe50,0x00000000d9f80000)
  to   space 5120K, 0% used [0x00000000d9580000,0x00000000d9580000,0x00000000d9a80000)
 ParOldGen       total 74240K, used 16297K [0x0000000085000000, 0x0000000089880000, 0x00000000d7000000)
  object space 74240K, 21% used [0x0000000085000000,0x0000000085fea4f8,0x0000000089880000)
 Metaspace       used 25210K, capacity 26822K, committed 27136K, reserved 1073152K
  class space    used 3447K, capacity 3732K, committed 3840K, reserved 1048576K
Event: 83.499 GC heap after
Heap after GC invocations=6 (full 1):
 PSYoungGen      total 43520K, used 5094K [0x00000000d7000000, 0x00000000db600000, 0x0000000100000000)
  eden space 38400K, 0% used [0x00000000d7000000,0x00000000d7000000,0x00000000d9580000)
  from space 5120K, 99% used [0x00000000d9580000,0x00000000d9a79840,0x00000000d9a80000)
  to   space 14336K, 0% used [0x00000000da800000,0x00000000da800000,0x00000000db600000)
 ParOldGen       total 74240K, used 21194K [0x0000000085000000, 0x0000000089880000, 0x00000000d7000000)
  object space 74240K, 28% used [0x0000000085000000,0x00000000864b2980,0x0000000089880000)
 Metaspace       used 25210K, capacity 26822K, committed 27136K, reserved 1073152K
  class space    used 3447K, capacity 3732K, committed 3840K, reserved 1048576K
}

