# JRE version: Java(TM) SE Runtime Environment (8.0_111-b14) (build 1.8.0_111-b14)
# Java VM: Java HotSpot(TM) 64-Bit Server VM (25.111-b14 mixed mode linux-amd64 compressed oops)
Heap:
 PSYoungGen      total 36864K, used 3840K [0x00000000d7000000, 0x00000000db800000, 0x0000000100000000)
  eden space 31744K, 12% used [0x00000000d7000000,0x00000000d73c0138,0x00000000d8f00000)
  from space 5120K, 0% used [0x00000000d8f00000,0x00000000d8f00000,0x00000000d9400000)
  to   space 5120K, 0% used [0x00000000db300000,0x00000000db300000,0x00000000db800000)
 ParOldGen       total 55808K, used 11153K [0x0000000085000000, 0x0000000088680000, 0x00000000d7000000)
  object space 55808K, 19% used [0x0000000085000000,0x0000000085ae45d0,0x0000000088680000)
 Metaspace       used 20390K, capacity 21816K, committed 22016K, reserved 1069056K
  class space    used 3043K, capacity 3327K, committed 3328K, reserved 1048576K
GC Heap History (8 events):
Event: 1.685 GC heap before
{Heap before GC invocations=1 (full 0):
 PSYoungGen      total 36864K, used 31694K [0x00000000d7000000, 0x00000000d9900000, 0x0000000100000000)
  eden space 31744K, 99% used [0x00000000d7000000,0x00000000d8ef3948,0x00000000d8f00000)
  from space 5120K, 0% used [0x00000000d9400000,0x00000000d9400000,0x00000000d9900000)
  to   space 5120K, 0% used [0x00000000d8f00000,0x00000000d8f00000,0x00000000d9400000)
 ParOldGen       total 84992K, used 0K [0x0000000085000000, 0x000000008a300000, 0x00000000d7000000)
  object space 84992K, 0% used [0x0000000085000000,0x0000000085000000,0x000000008a300000)
 Metaspace       used 11841K, capacity 12292K, committed 12544K, reserved 1060864K
  class space    used 1589K, capacity 1729K, committed 1792K, reserved 1048576K
Event: 1.697 GC heap after
Heap after GC invocations=1 (full 0):
 PSYoungGen      total 36864K, used 4209K [0x00000000d7000000, 0x00000000d9900000, 0x0000000100000000)
  eden space 31744K, 0% used [0x00000000d7000000,0x00000000d7000000,0x00000000d8f00000)
  from space 5120K, 82% used [0x00000000d8f00000,0x00000000d931c418,0x00000000d9400000)
  to   space 5120K, 0% used [0x00000000d9400000,0x00000000d9400000,0x00000000d9900000)
 ParOldGen       total 84992K, used 80K [0x0000000085000000, 0x000000008a300000, 0x00000000d7000000)
  object space 84992K, 0% used [0x0000000085000000,0x0000000085014010,0x000000008a300000)
 Metaspace       used 11841K, capacity 12292K, committed 12544K, reserved 1060864K
  class space    used 1589K, capacity 1729K, committed 1792K, reserved 1048576K
}
Event: 5.325 GC heap before
{Heap before GC invocations=2 (full 0):
 PSYoungGen      total 36864K, used 35953K [0x00000000d7000000, 0x00000000d9900000, 0x0000000100000000)
  eden space 31744K, 100% used [0x00000000d7000000,0x00000000d8f00000,0x00000000d8f00000)
  from space 5120K, 82% used [0x00000000d8f00000,0x00000000d931c418,0x00000000d9400000)
  to   space 5120K, 0% used [0x00000000d9400000,0x00000000d9400000,0x00000000d9900000)
 ParOldGen       total 84992K, used 80K [0x0000000085000000, 0x000000008a300000, 0x00000000d7000000)
  object space 84992K, 0% used [0x0000000085000000,0x0000000085014010,0x000000008a300000)
 Metaspace       used 19714K, capacity 21094K, committed 21248K, reserved 1067008K
  class space    used 2995K, capacity 3280K, committed 3328K, reserved 1048576K
Event: 5.353 GC heap after
Heap after GC invocations=2 (full 0):
 PSYoungGen      total 36864K, used 5101K [0x00000000d7000000, 0x00000000d9900000, 0x0000000100000000)
  eden space 31744K, 0% used [0x00000000d7000000,0x00000000d7000000,0x00000000d8f00000)
  from space 5120K, 99% used [0x00000000d9400000,0x00000000d98fb7a0,0x00000000d9900000)
  to   space 5120K, 0% used [0x00000000d8f00000,0x00000000d8f00000,0x00000000d9400000)
 ParOldGen       total 84992K, used 6441K [0x0000000085000000, 0x000000008a300000, 0x00000000d7000000)
  object space 84992K, 7% used [0x0000000085000000,0x000000008564a688,0x000000008a300000)
 Metaspace       used 19714K, capacity 21094K, committed 21248K, reserved 1067008K
  class space    used 2995K, capacity 3280K, committed 3328K, reserved 1048576K
}
Event: 5.401 GC heap before
{Heap before GC invocations=3 (full 0):
 PSYoungGen      total 36864K, used 6044K [0x00000000d7000000, 0x00000000d9900000, 0x0000000100000000)
  eden space 31744K, 2% used [0x00000000d7000000,0x00000000d70eb8b0,0x00000000d8f00000)
  from space 5120K, 99% used [0x00000000d9400000,0x00000000d98fb7a0,0x00000000d9900000)
  to   space 5120K, 0% used [0x00000000d8f00000,0x00000000d8f00000,0x00000000d9400000)
 ParOldGen       total 84992K, used 6441K [0x0000000085000000, 0x000000008a300000, 0x00000000d7000000)
  object space 84992K, 7% used [0x0000000085000000,0x000000008564a688,0x000000008a300000)
 Metaspace       used 19840K, capacity 21164K, committed 21248K, reserved 1067008K
  class space    used 3010K, capacity 3281K, committed 3328K, reserved 1048576K
Event: 5.416 GC heap after
Heap after GC invocations=3 (full 0):
 PSYoungGen      total 36864K, used 5102K [0x00000000d7000000, 0x00000000db800000, 0x0000000100000000)
  eden space 31744K, 0% used [0x00000000d7000000,0x00000000d7000000,0x00000000d8f00000)
  from space 5120K, 99% used [0x00000000d8f00000,0x00000000d93fbb88,0x00000000d9400000)
  to   space 5120K, 0% used [0x00000000db300000,0x00000000db300000,0x00000000db800000)
 ParOldGen       total 84992K, used 6449K [0x0000000085000000, 0x000000008a300000, 0x00000000d7000000)
  object space 84992K, 7% used [0x0000000085000000,0x000000008564c688,0x000000008a300000)
 Metaspace       used 19840K, capacity 21164K, committed 21248K, reserved 1067008K
  class space    used 3010K, capacity 3281K, committed 3328K, reserved 1048576K
}
Event: 5.416 GC heap before
{Heap before GC invocations=4 (full 1):
 PSYoungGen      total 36864K, used 5102K [0x00000000d7000000, 0x00000000db800000, 0x0000000100000000)
  eden space 31744K, 0% used [0x00000000d7000000,0x00000000d7000000,0x00000000d8f00000)
  from space 5120K, 99% used [0x00000000d8f00000,0x00000000d93fbb88,0x00000000d9400000)
  to   space 5120K, 0% used [0x00000000db300000,0x00000000db300000,0x00000000db800000)
 ParOldGen       total 84992K, used 6449K [0x0000000085000000, 0x000000008a300000, 0x00000000d7000000)
  object space 84992K, 7% used [0x0000000085000000,0x000000008564c688,0x000000008a300000)
 Metaspace       used 19840K, capacity 21164K, committed 21248K, reserved 1067008K
  class space    used 3010K, capacity 3281K, committed 3328K, reserved 1048576K
Event: 5.498 GC heap after
Heap after GC invocations=4 (full 1):
 PSYoungGen      total 36864K, used 0K [0x00000000d7000000, 0x00000000db800000, 0x0000000100000000)
  eden space 31744K, 0% used [0x00000000d7000000,0x00000000d7000000,0x00000000d8f00000)
  from space 5120K, 0% used [0x00000000d8f00000,0x00000000d8f00000,0x00000000d9400000)
  to   space 5120K, 0% used [0x00000000db300000,0x00000000db300000,0x00000000db800000)
 ParOldGen       total 55808K, used 11153K [0x0000000085000000, 0x0000000088680000, 0x00000000d7000000)
  object space 55808K, 19% used [0x0000000085000000,0x0000000085ae45d0,0x0000000088680000)
 Metaspace       used 19840K, capacity 21164K, committed 21248K, reserved 1067008K
  class space    used 3010K, capacity 3281K, committed 3328K, reserved 1048576K
}

