# JRE version: Java(TM) SE Runtime Environment (8.0_111-b14) (build 1.8.0_111-b14)
# Java VM: Java HotSpot(TM) 64-Bit Server VM (25.111-b14 mixed mode linux-amd64 compressed oops)
Heap:
 PSYoungGen      total 36864K, used 29826K [0x00000000d7000000, 0x00000000db800000, 0x0000000100000000)
  eden space 31744K, 93% used [0x00000000d7000000,0x00000000d8d20840,0x00000000d8f00000)
  from space 5120K, 0% used [0x00000000d8f00000,0x00000000d8f00000,0x00000000d9400000)
  to   space 5120K, 0% used [0x00000000db300000,0x00000000db300000,0x00000000db800000)
 ParOldGen       total 54272K, used 11517K [0x0000000085000000, 0x0000000088500000, 0x00000000d7000000)
  object space 54272K, 21% used [0x0000000085000000,0x0000000085b3f750,0x0000000088500000)
 Metaspace       used 21237K, capacity 22840K, committed 23168K, reserved 1069056K
  class space    used 3070K, capacity 3379K, committed 3456K, reserved 1048576K
GC Heap History (8 events):
Event: 3.942 GC heap before
{Heap before GC invocations=1 (full 0):
 PSYoungGen      total 36864K, used 31690K [0x00000000d7000000, 0x00000000d9900000, 0x0000000100000000)
  eden space 31744K, 99% used [0x00000000d7000000,0x00000000d8ef2850,0x00000000d8f00000)
  from space 5120K, 0% used [0x00000000d9400000,0x00000000d9400000,0x00000000d9900000)
  to   space 5120K, 0% used [0x00000000d8f00000,0x00000000d8f00000,0x00000000d9400000)
 ParOldGen       total 84992K, used 0K [0x0000000085000000, 0x000000008a300000, 0x00000000d7000000)
  object space 84992K, 0% used [0x0000000085000000,0x0000000085000000,0x000000008a300000)
 Metaspace       used 11859K, capacity 12342K, committed 12544K, reserved 1060864K
  class space    used 1587K, capacity 1726K, committed 1792K, reserved 1048576K
Event: 3.969 GC heap after
Heap after GC invocations=1 (full 0):
 PSYoungGen      total 36864K, used 4209K [0x00000000d7000000, 0x00000000d9900000, 0x0000000100000000)
  eden space 31744K, 0% used [0x00000000d7000000,0x00000000d7000000,0x00000000d8f00000)
  from space 5120K, 82% used [0x00000000d8f00000,0x00000000d931c418,0x00000000d9400000)
  to   space 5120K, 0% used [0x00000000d9400000,0x00000000d9400000,0x00000000d9900000)
 ParOldGen       total 84992K, used 72K [0x0000000085000000, 0x000000008a300000, 0x00000000d7000000)
  object space 84992K, 0% used [0x0000000085000000,0x0000000085012010,0x000000008a300000)
 Metaspace       used 11859K, capacity 12342K, committed 12544K, reserved 1060864K
  class space    used 1587K, capacity 1726K, committed 1792K, reserved 1048576K
}
Event: 8.722 GC heap before
{Heap before GC invocations=2 (full 0):
 PSYoungGen      total 36864K, used 35536K [0x00000000d7000000, 0x00000000d9900000, 0x0000000100000000)
  eden space 31744K, 98% used [0x00000000d7000000,0x00000000d8e97fd8,0x00000000d8f00000)
  from space 5120K, 82% used [0x00000000d8f00000,0x00000000d931c418,0x00000000d9400000)
  to   space 5120K, 0% used [0x00000000d9400000,0x00000000d9400000,0x00000000d9900000)
 ParOldGen       total 84992K, used 72K [0x0000000085000000, 0x000000008a300000, 0x00000000d7000000)
  object space 84992K, 0% used [0x0000000085000000,0x0000000085012010,0x000000008a300000)
 Metaspace       used 19724K, capacity 21162K, committed 21248K, reserved 1067008K
  class space    used 2995K, capacity 3288K, committed 3328K, reserved 1048576K
Event: 8.808 GC heap after
Heap after GC invocations=2 (full 0):
 PSYoungGen      total 36864K, used 5117K [0x00000000d7000000, 0x00000000db800000, 0x0000000100000000)
  eden space 31744K, 0% used [0x00000000d7000000,0x00000000d7000000,0x00000000d8f00000)
  from space 5120K, 99% used [0x00000000d9400000,0x00000000d98ff7b0,0x00000000d9900000)
  to   space 5120K, 0% used [0x00000000d8f00000,0x00000000d8f00000,0x00000000d9400000)
 ParOldGen       total 84992K, used 5633K [0x0000000085000000, 0x000000008a300000, 0x00000000d7000000)
  object space 84992K, 6% used [0x0000000085000000,0x0000000085580440,0x000000008a300000)
 Metaspace       used 19724K, capacity 21162K, committed 21248K, reserved 1067008K
  class space    used 2995K, capacity 3288K, committed 3328K, reserved 1048576K
}
Event: 8.867 GC heap before
{Heap before GC invocations=3 (full 0):
 PSYoungGen      total 36864K, used 6384K [0x00000000d7000000, 0x00000000db800000, 0x0000000100000000)
  eden space 31744K, 3% used [0x00000000d7000000,0x00000000d713cb98,0x00000000d8f00000)
  from space 5120K, 99% used [0x00000000d9400000,0x00000000d98ff7b0,0x00000000d9900000)
  to   space 5120K, 0% used [0x00000000d8f00000,0x00000000d8f00000,0x00000000d9400000)
 ParOldGen       total 84992K, used 5633K [0x0000000085000000, 0x000000008a300000, 0x00000000d7000000)
  object space 84992K, 6% used [0x0000000085000000,0x0000000085580440,0x000000008a300000)
 Metaspace       used 19775K, capacity 21166K, committed 21248K, reserved 1067008K
  class space    used 3005K, capacity 3290K, committed 3328K, reserved 1048576K
Event: 8.906 GC heap after
Heap after GC invocations=3 (full 0):
 PSYoungGen      total 36864K, used 5117K [0x00000000d7000000, 0x00000000db800000, 0x0000000100000000)
  eden space 31744K, 0% used [0x00000000d7000000,0x00000000d7000000,0x00000000d8f00000)
  from space 5120K, 99% used [0x00000000d8f00000,0x00000000d93ff7a0,0x00000000d9400000)
  to   space 5120K, 0% used [0x00000000db300000,0x00000000db300000,0x00000000db800000)
 ParOldGen       total 84992K, used 6621K [0x0000000085000000, 0x000000008a300000, 0x00000000d7000000)
  object space 84992K, 7% used [0x0000000085000000,0x0000000085677460,0x000000008a300000)
 Metaspace       used 19775K, capacity 21166K, committed 21248K, reserved 1067008K
  class space    used 3005K, capacity 3290K, committed 3328K, reserved 1048576K
}
Event: 8.906 GC heap before
{Heap before GC invocations=4 (full 1):
 PSYoungGen      total 36864K, used 5117K [0x00000000d7000000, 0x00000000db800000, 0x0000000100000000)
  eden space 31744K, 0% used [0x00000000d7000000,0x00000000d7000000,0x00000000d8f00000)
  from space 5120K, 99% used [0x00000000d8f00000,0x00000000d93ff7a0,0x00000000d9400000)
  to   space 5120K, 0% used [0x00000000db300000,0x00000000db300000,0x00000000db800000)
 ParOldGen       total 84992K, used 6621K [0x0000000085000000, 0x000000008a300000, 0x00000000d7000000)
  object space 84992K, 7% used [0x0000000085000000,0x0000000085677460,0x000000008a300000)
 Metaspace       used 19775K, capacity 21166K, committed 21248K, reserved 1067008K
  class space    used 3005K, capacity 3290K, committed 3328K, reserved 1048576K
Event: 9.102 GC heap after
Heap after GC invocations=4 (full 1):
 PSYoungGen      total 36864K, used 0K [0x00000000d7000000, 0x00000000db800000, 0x0000000100000000)
  eden space 31744K, 0% used [0x00000000d7000000,0x00000000d7000000,0x00000000d8f00000)
  from space 5120K, 0% used [0x00000000d8f00000,0x00000000d8f00000,0x00000000d9400000)
  to   space 5120K, 0% used [0x00000000db300000,0x00000000db300000,0x00000000db800000)
 ParOldGen       total 54272K, used 11517K [0x0000000085000000, 0x0000000088500000, 0x00000000d7000000)
  object space 54272K, 21% used [0x0000000085000000,0x0000000085b3f750,0x0000000088500000)
 Metaspace       used 19775K, capacity 21166K, committed 21248K, reserved 1067008K
  class space    used 3005K, capacity 3290K, committed 3328K, reserved 1048576K
}

