# JRE version: Java(TM) SE Runtime Environment (8.0_111-b14) (build 1.8.0_111-b14)
# Java VM: Java HotSpot(TM) 64-Bit Server VM (25.111-b14 mixed mode linux-amd64 compressed oops)
Heap:
 PSYoungGen      total 46592K, used 5106K [0x00000000d7000000, 0x00000000dad00000, 0x0000000100000000)
  eden space 41472K, 0% used [0x00000000d7000000,0x00000000d7000000,0x00000000d9880000)
  from space 5120K, 99% used [0x00000000d9d80000,0x00000000da27caa8,0x00000000da280000)
  to   space 5120K, 0% used [0x00000000d9880000,0x00000000d9880000,0x00000000d9d80000)
 ParOldGen       total 70144K, used 46085K [0x0000000085000000, 0x0000000089480000, 0x00000000d7000000)
  object space 70144K, 65% used [0x0000000085000000,0x0000000087d014b0,0x0000000089480000)
 Metaspace       used 24515K, capacity 26002K, committed 26368K, reserved 1071104K
  class space    used 3414K, capacity 3716K, committed 3840K, reserved 1048576K
GC Heap History (10 events):
Event: 1.962 GC heap after
Heap after GC invocations=1 (full 0):
 PSYoungGen      total 36864K, used 4241K [0x00000000d7000000, 0x00000000d9900000, 0x0000000100000000)
  eden space 31744K, 0% used [0x00000000d7000000,0x00000000d7000000,0x00000000d8f00000)
  from space 5120K, 82% used [0x00000000d8f00000,0x00000000d9324788,0x00000000d9400000)
  to   space 5120K, 0% used [0x00000000d9400000,0x00000000d9400000,0x00000000d9900000)
 ParOldGen       total 84992K, used 72K [0x0000000085000000, 0x000000008a300000, 0x00000000d7000000)
  object space 84992K, 0% used [0x0000000085000000,0x0000000085012010,0x000000008a300000)
 Metaspace       used 11895K, capacity 12356K, committed 12544K, reserved 1060864K
  class space    used 1590K, capacity 1729K, committed 1792K, reserved 1048576K
}
Event: 5.581 GC heap before
{Heap before GC invocations=2 (full 0):
 PSYoungGen      total 36864K, used 34897K [0x00000000d7000000, 0x00000000d9900000, 0x0000000100000000)
  eden space 31744K, 96% used [0x00000000d7000000,0x00000000d8defd60,0x00000000d8f00000)
  from space 5120K, 82% used [0x00000000d8f00000,0x00000000d9324788,0x00000000d9400000)
  to   space 5120K, 0% used [0x00000000d9400000,0x00000000d9400000,0x00000000d9900000)
 ParOldGen       total 84992K, used 72K [0x0000000085000000, 0x000000008a300000, 0x00000000d7000000)
  object space 84992K, 0% used [0x0000000085000000,0x0000000085012010,0x000000008a300000)
 Metaspace       used 19793K, capacity 21166K, committed 21248K, reserved 1067008K
  class space    used 2992K, capacity 3280K, committed 3328K, reserved 1048576K
Event: 5.614 GC heap after
Heap after GC invocations=2 (full 0):
 PSYoungGen      total 36864K, used 5088K [0x00000000d7000000, 0x00000000d9900000, 0x0000000100000000)
  eden space 31744K, 0% used [0x00000000d7000000,0x00000000d7000000,0x00000000d8f00000)
  from space 5120K, 99% used [0x00000000d9400000,0x00000000d98f8068,0x00000000d9900000)
  to   space 5120K, 0% used [0x00000000d8f00000,0x00000000d8f00000,0x00000000d9400000)
 ParOldGen       total 84992K, used 6001K [0x0000000085000000, 0x000000008a300000, 0x00000000d7000000)
  object space 84992K, 7% used [0x0000000085000000,0x00000000855dc5e8,0x000000008a300000)
 Metaspace       used 19793K, capacity 21166K, committed 21248K, reserved 1067008K
  class space    used 2992K, capacity 3280K, committed 3328K, reserved 1048576K
}
Event: 5.614 GC heap before
{Heap before GC invocations=3 (full 1):
 PSYoungGen      total 36864K, used 5088K [0x00000000d7000000, 0x00000000d9900000, 0x0000000100000000)
  eden space 31744K, 0% used [0x00000000d7000000,0x00000000d7000000,0x00000000d8f00000)
  from space 5120K, 99% used [0x00000000d9400000,0x00000000d98f8068,0x00000000d9900000)
  to   space 5120K, 0% used [0x00000000d8f00000,0x00000000d8f00000,0x00000000d9400000)
 ParOldGen       total 84992K, used 6001K [0x0000000085000000, 0x000000008a300000, 0x00000000d7000000)
  object space 84992K, 7% used [0x0000000085000000,0x00000000855dc5e8,0x000000008a300000)
 Metaspace       used 19793K, capacity 21166K, committed 21248K, reserved 1067008K
  class space    used 2992K, capacity 3280K, committed 3328K, reserved 1048576K
Event: 5.696 GC heap after
Heap after GC invocations=3 (full 1):
 PSYoungGen      total 36864K, used 0K [0x00000000d7000000, 0x00000000d9900000, 0x0000000100000000)
  eden space 31744K, 0% used [0x00000000d7000000,0x00000000d7000000,0x00000000d8f00000)
  from space 5120K, 0% used [0x00000000d9400000,0x00000000d9400000,0x00000000d9900000)
  to   space 5120K, 0% used [0x00000000d8f00000,0x00000000d8f00000,0x00000000d9400000)
 ParOldGen       total 70144K, used 10951K [0x0000000085000000, 0x0000000089480000, 0x00000000d7000000)
  object space 70144K, 15% used [0x0000000085000000,0x0000000085ab1e98,0x0000000089480000)
 Metaspace       used 19793K, capacity 21166K, committed 21248K, reserved 1067008K
  class space    used 2992K, capacity 3280K, committed 3328K, reserved 1048576K
}
Event: 19.857 GC heap before
{Heap before GC invocations=4 (full 1):
 PSYoungGen      total 36864K, used 27833K [0x00000000d7000000, 0x00000000d9900000, 0x0000000100000000)
  eden space 31744K, 87% used [0x00000000d7000000,0x00000000d8b2e4f0,0x00000000d8f00000)
  from space 5120K, 0% used [0x00000000d9400000,0x00000000d9400000,0x00000000d9900000)
  to   space 5120K, 0% used [0x00000000d8f00000,0x00000000d8f00000,0x00000000d9400000)
 ParOldGen       total 70144K, used 10951K [0x0000000085000000, 0x0000000089480000, 0x00000000d7000000)
  object space 70144K, 15% used [0x0000000085000000,0x0000000085ab1e98,0x0000000089480000)
 Metaspace       used 24421K, capacity 25938K, committed 26112K, reserved 1071104K
  class space    used 3404K, capacity 3716K, committed 3840K, reserved 1048576K
Event: 19.869 GC heap after
Heap after GC invocations=4 (full 1):
 PSYoungGen      total 36864K, used 5106K [0x00000000d7000000, 0x00000000da280000, 0x0000000100000000)
  eden space 31744K, 0% used [0x00000000d7000000,0x00000000d7000000,0x00000000d8f00000)
  from space 5120K, 99% used [0x00000000d8f00000,0x00000000d93fcaa8,0x00000000d9400000)
  to   space 5120K, 0% used [0x00000000d9d80000,0x00000000d9d80000,0x00000000da280000)
 ParOldGen       total 70144K, used 21768K [0x0000000085000000, 0x0000000089480000, 0x00000000d7000000)
  object space 70144K, 31% used [0x0000000085000000,0x0000000086542000,0x0000000089480000)
 Metaspace       used 24421K, capacity 25938K, committed 26112K, reserved 1071104K
  class space    used 3404K, capacity 3716K, committed 3840K, reserved 1048576K
}
Event: 20.268 GC heap before
{Heap before GC invocations=5 (full 1):
 PSYoungGen      total 36864K, used 31485K [0x00000000d7000000, 0x00000000da280000, 0x0000000100000000)
  eden space 31744K, 83% used [0x00000000d7000000,0x00000000d89c2c80,0x00000000d8f00000)
  from space 5120K, 99% used [0x00000000d8f00000,0x00000000d93fcaa8,0x00000000d9400000)
  to   space 5120K, 0% used [0x00000000d9d80000,0x00000000d9d80000,0x00000000da280000)
 ParOldGen       total 70144K, used 21768K [0x0000000085000000, 0x0000000089480000, 0x00000000d7000000)
  object space 70144K, 31% used [0x0000000085000000,0x0000000086542000,0x0000000089480000)
 Metaspace       used 24515K, capacity 26002K, committed 26368K, reserved 1071104K
  class space    used 3414K, capacity 3716K, committed 3840K, reserved 1048576K
Event: 20.305 GC heap after
Heap after GC invocations=5 (full 1):
 PSYoungGen      total 46592K, used 5106K [0x00000000d7000000, 0x00000000dad00000, 0x0000000100000000)
  eden space 41472K, 0% used [0x00000000d7000000,0x00000000d7000000,0x00000000d9880000)
  from space 5120K, 99% used [0x00000000d9d80000,0x00000000da27caa8,0x00000000da280000)
  to   space 5120K, 0% used [0x00000000d9880000,0x00000000d9880000,0x00000000d9d80000)
 ParOldGen       total 70144K, used 46085K [0x0000000085000000, 0x0000000089480000, 0x00000000d7000000)
  object space 70144K, 65% used [0x0000000085000000,0x0000000087d014b0,0x0000000089480000)
 Metaspace       used 24515K, capacity 26002K, committed 26368K, reserved 1071104K
  class space    used 3414K, capacity 3716K, committed 3840K, reserved 1048576K
}
Event: 20.305 GC heap before
{Heap before GC invocations=6 (full 2):
 PSYoungGen      total 46592K, used 5106K [0x00000000d7000000, 0x00000000dad00000, 0x0000000100000000)
  eden space 41472K, 0% used [0x00000000d7000000,0x00000000d7000000,0x00000000d9880000)
  from space 5120K, 99% used [0x00000000d9d80000,0x00000000da27caa8,0x00000000da280000)
  to   space 5120K, 0% used [0x00000000d9880000,0x00000000d9880000,0x00000000d9d80000)
 ParOldGen       total 70144K, used 46085K [0x0000000085000000, 0x0000000089480000, 0x00000000d7000000)
  object space 70144K, 65% used [0x0000000085000000,0x0000000087d014b0,0x0000000089480000)
 Metaspace       used 24515K, capacity 26002K, committed 26368K, reserved 1071104K
  class space    used 3414K, capacity 3716K, committed 3840K, reserved 1048576K

