# JRE version: Java(TM) SE Runtime Environment (8.0_111-b14) (build 1.8.0_111-b14)
# Java VM: Java HotSpot(TM) 64-Bit Server VM (25.111-b14 mixed mode linux-amd64 compressed oops)
Heap:
 PSYoungGen      total 50176K, used 13485K [0x00000000d7000000, 0x00000000dac80000, 0x0000000100000000)
  eden space 42496K, 20% used [0x00000000d7000000,0x00000000d7852768,0x00000000d9980000)
  from space 7680K, 64% used [0x00000000da500000,0x00000000da9d8d78,0x00000000dac80000)
  to   space 9728K, 0% used [0x00000000d9980000,0x00000000d9980000,0x00000000da300000)
 ParOldGen       total 72704K, used 10565K [0x0000000085000000, 0x0000000089700000, 0x00000000d7000000)
  object space 72704K, 14% used [0x0000000085000000,0x0000000085a515e8,0x0000000089700000)
 Metaspace       used 25263K, capacity 26798K, committed 27136K, reserved 1073152K
  class space    used 3440K, capacity 3716K, committed 3840K, reserved 1048576K
GC Heap History (10 events):
Event: 6.400 GC heap before
{Heap before GC invocations=3 (full 1):
 PSYoungGen      total 36864K, used 5101K [0x00000000d7000000, 0x00000000d9900000, 0x0000000100000000)
  eden space 31744K, 0% used [0x00000000d7000000,0x00000000d7000000,0x00000000d8f00000)
  from space 5120K, 99% used [0x00000000d9400000,0x00000000d98fb788,0x00000000d9900000)
  to   space 5120K, 0% used [0x00000000d8f00000,0x00000000d8f00000,0x00000000d9400000)
 ParOldGen       total 84992K, used 5501K [0x0000000085000000, 0x000000008a300000, 0x00000000d7000000)
  object space 84992K, 6% used [0x0000000085000000,0x000000008555f4a0,0x000000008a300000)
 Metaspace       used 19726K, capacity 21174K, committed 21248K, reserved 1067008K
  class space    used 2993K, capacity 3288K, committed 3328K, reserved 1048576K
Event: 6.539 GC heap after
Heap after GC invocations=3 (full 1):
 PSYoungGen      total 36864K, used 0K [0x00000000d7000000, 0x00000000d9900000, 0x0000000100000000)
  eden space 31744K, 0% used [0x00000000d7000000,0x00000000d7000000,0x00000000d8f00000)
  from space 5120K, 0% used [0x00000000d9400000,0x00000000d9400000,0x00000000d9900000)
  to   space 5120K, 0% used [0x00000000d8f00000,0x00000000d8f00000,0x00000000d9400000)
 ParOldGen       total 72704K, used 10533K [0x0000000085000000, 0x0000000089700000, 0x00000000d7000000)
  object space 72704K, 14% used [0x0000000085000000,0x0000000085a495e8,0x0000000089700000)
 Metaspace       used 19726K, capacity 21174K, committed 21248K, reserved 1067008K
  class space    used 2993K, capacity 3288K, committed 3328K, reserved 1048576K
}
Event: 35.117 GC heap before
{Heap before GC invocations=4 (full 1):
 PSYoungGen      total 36864K, used 31744K [0x00000000d7000000, 0x00000000d9900000, 0x0000000100000000)
  eden space 31744K, 100% used [0x00000000d7000000,0x00000000d8f00000,0x00000000d8f00000)
  from space 5120K, 0% used [0x00000000d9400000,0x00000000d9400000,0x00000000d9900000)
  to   space 5120K, 0% used [0x00000000d8f00000,0x00000000d8f00000,0x00000000d9400000)
 ParOldGen       total 72704K, used 10533K [0x0000000085000000, 0x0000000089700000, 0x00000000d7000000)
  object space 72704K, 14% used [0x0000000085000000,0x0000000085a495e8,0x0000000089700000)
 Metaspace       used 23832K, capacity 25358K, committed 25728K, reserved 1071104K
  class space    used 3317K, capacity 3596K, committed 3712K, reserved 1048576K
Event: 35.126 GC heap after
Heap after GC invocations=4 (full 1):
 PSYoungGen      total 36864K, used 3295K [0x00000000d7000000, 0x00000000da000000, 0x0000000100000000)
  eden space 31744K, 0% used [0x00000000d7000000,0x00000000d7000000,0x00000000d8f00000)
  from space 5120K, 64% used [0x00000000d8f00000,0x00000000d9237cd8,0x00000000d9400000)
  to   space 5120K, 0% used [0x00000000d9b00000,0x00000000d9b00000,0x00000000da000000)
 ParOldGen       total 72704K, used 10541K [0x0000000085000000, 0x0000000089700000, 0x00000000d7000000)
  object space 72704K, 14% used [0x0000000085000000,0x0000000085a4b5e8,0x0000000089700000)
 Metaspace       used 23832K, capacity 25358K, committed 25728K, reserved 1071104K
  class space    used 3317K, capacity 3596K, committed 3712K, reserved 1048576K
}
Event: 51.435 GC heap before
{Heap before GC invocations=5 (full 1):
 PSYoungGen      total 36864K, used 35039K [0x00000000d7000000, 0x00000000da000000, 0x0000000100000000)
  eden space 31744K, 100% used [0x00000000d7000000,0x00000000d8f00000,0x00000000d8f00000)
  from space 5120K, 64% used [0x00000000d8f00000,0x00000000d9237cd8,0x00000000d9400000)
  to   space 5120K, 0% used [0x00000000d9b00000,0x00000000d9b00000,0x00000000da000000)
 ParOldGen       total 72704K, used 10541K [0x0000000085000000, 0x0000000089700000, 0x00000000d7000000)
  object space 72704K, 14% used [0x0000000085000000,0x0000000085a4b5e8,0x0000000089700000)
 Metaspace       used 24991K, capacity 26582K, committed 26880K, reserved 1073152K
  class space    used 3438K, capacity 3714K, committed 3840K, reserved 1048576K
Event: 51.459 GC heap after
Heap after GC invocations=5 (full 1):
 PSYoungGen      total 41984K, used 3983K [0x00000000d7000000, 0x00000000d9f00000, 0x0000000100000000)
  eden space 37888K, 0% used [0x00000000d7000000,0x00000000d7000000,0x00000000d9500000)
  from space 4096K, 97% used [0x00000000d9b00000,0x00000000d9ee3ed0,0x00000000d9f00000)
  to   space 5120K, 0% used [0x00000000d9500000,0x00000000d9500000,0x00000000d9a00000)
 ParOldGen       total 72704K, used 10549K [0x0000000085000000, 0x0000000089700000, 0x00000000d7000000)
  object space 72704K, 14% used [0x0000000085000000,0x0000000085a4d5e8,0x0000000089700000)
 Metaspace       used 24991K, capacity 26582K, committed 26880K, reserved 1073152K
  class space    used 3438K, capacity 3714K, committed 3840K, reserved 1048576K
}
Event: 102.921 GC heap before
{Heap before GC invocations=6 (full 1):
 PSYoungGen      total 41984K, used 41871K [0x00000000d7000000, 0x00000000d9f00000, 0x0000000100000000)
  eden space 37888K, 100% used [0x00000000d7000000,0x00000000d9500000,0x00000000d9500000)
  from space 4096K, 97% used [0x00000000d9b00000,0x00000000d9ee3ed0,0x00000000d9f00000)
  to   space 5120K, 0% used [0x00000000d9500000,0x00000000d9500000,0x00000000d9a00000)
 ParOldGen       total 72704K, used 10549K [0x0000000085000000, 0x0000000089700000, 0x00000000d7000000)
  object space 72704K, 14% used [0x0000000085000000,0x0000000085a4d5e8,0x0000000089700000)
 Metaspace       used 25131K, capacity 26718K, committed 26880K, reserved 1073152K
  class space    used 3438K, capacity 3714K, committed 3840K, reserved 1048576K
Event: 102.947 GC heap after
Heap after GC invocations=6 (full 1):
 PSYoungGen      total 43008K, used 3999K [0x00000000d7000000, 0x00000000daf80000, 0x0000000100000000)
  eden space 37888K, 0% used [0x00000000d7000000,0x00000000d7000000,0x00000000d9500000)
  from space 5120K, 78% used [0x00000000d9500000,0x00000000d98e7ec0,0x00000000d9a00000)
  to   space 10752K, 0% used [0x00000000da500000,0x00000000da500000,0x00000000daf80000)
 ParOldGen       total 72704K, used 10557K [0x0000000085000000, 0x0000000089700000, 0x00000000d7000000)
  object space 72704K, 14% used [0x0000000085000000,0x0000000085a4f5e8,0x0000000089700000)
 Metaspace       used 25131K, capacity 26718K, committed 26880K, reserved 1073152K
  class space    used 3438K, capacity 3714K, committed 3840K, reserved 1048576K
}
Event: 142.338 GC heap before
{Heap before GC invocations=7 (full 1):
 PSYoungGen      total 43008K, used 41887K [0x00000000d7000000, 0x00000000daf80000, 0x0000000100000000)
  eden space 37888K, 100% used [0x00000000d7000000,0x00000000d9500000,0x00000000d9500000)
  from space 5120K, 78% used [0x00000000d9500000,0x00000000d98e7ec0,0x00000000d9a00000)
  to   space 10752K, 0% used [0x00000000da500000,0x00000000da500000,0x00000000daf80000)
 ParOldGen       total 72704K, used 10557K [0x0000000085000000, 0x0000000089700000, 0x00000000d7000000)
  object space 72704K, 14% used [0x0000000085000000,0x0000000085a4f5e8,0x0000000089700000)
 Metaspace       used 25239K, capacity 26798K, committed 27136K, reserved 1073152K
  class space    used 3440K, capacity 3716K, committed 3840K, reserved 1048576K
Event: 142.360 GC heap after
Heap after GC invocations=7 (full 1):
 PSYoungGen      total 50176K, used 4963K [0x00000000d7000000, 0x00000000dac80000, 0x0000000100000000)
  eden space 42496K, 0% used [0x00000000d7000000,0x00000000d7000000,0x00000000d9980000)
  from space 7680K, 64% used [0x00000000da500000,0x00000000da9d8d78,0x00000000dac80000)
  to   space 9728K, 0% used [0x00000000d9980000,0x00000000d9980000,0x00000000da300000)
 ParOldGen       total 72704K, used 10565K [0x0000000085000000, 0x0000000089700000, 0x00000000d7000000)
  object space 72704K, 14% used [0x0000000085000000,0x0000000085a515e8,0x0000000089700000)
 Metaspace       used 25239K, capacity 26798K, committed 27136K, reserved 1073152K
  class space    used 3440K, capacity 3716K, committed 3840K, reserved 1048576K
}

