# JRE version: Java(TM) SE Runtime Environment (8.0_111-b14) (build 1.8.0_111-b14)
# Java VM: Java HotSpot(TM) 64-Bit Server VM (25.111-b14 mixed mode linux-amd64 compressed oops)
Heap:
 PSYoungGen      total 36864K, used 5909K [0x00000000d7000000, 0x00000000db800000, 0x0000000100000000)
  eden space 31744K, 18% used [0x00000000d7000000,0x00000000d75c5678,0x00000000d8f00000)
  from space 5120K, 0% used [0x00000000d8f00000,0x00000000d8f00000,0x00000000d9400000)
  to   space 5120K, 0% used [0x00000000db300000,0x00000000db300000,0x00000000db800000)
 ParOldGen       total 50688K, used 8577K [0x0000000085000000, 0x0000000088180000, 0x00000000d7000000)
  object space 50688K, 16% used [0x0000000085000000,0x0000000085860590,0x0000000088180000)
 Metaspace       used 21688K, capacity 22718K, committed 22784K, reserved 1069056K
  class space    used 3085K, capacity 3311K, committed 3328K, reserved 1048576K
GC Heap History (8 events):
Event: 2.110 GC heap before
{Heap before GC invocations=1 (full 0):
 PSYoungGen      total 36864K, used 31744K [0x00000000d7000000, 0x00000000d9900000, 0x0000000100000000)
  eden space 31744K, 100% used [0x00000000d7000000,0x00000000d8f00000,0x00000000d8f00000)
  from space 5120K, 0% used [0x00000000d9400000,0x00000000d9400000,0x00000000d9900000)
  to   space 5120K, 0% used [0x00000000d8f00000,0x00000000d8f00000,0x00000000d9400000)
 ParOldGen       total 84992K, used 0K [0x0000000085000000, 0x000000008a300000, 0x00000000d7000000)
  object space 84992K, 0% used [0x0000000085000000,0x0000000085000000,0x000000008a300000)
 Metaspace       used 11393K, capacity 11854K, committed 12032K, reserved 1058816K
  class space    used 1522K, capacity 1689K, committed 1792K, reserved 1048576K
Event: 2.124 GC heap after
Heap after GC invocations=1 (full 0):
 PSYoungGen      total 36864K, used 4080K [0x00000000d7000000, 0x00000000d9900000, 0x0000000100000000)
  eden space 31744K, 0% used [0x00000000d7000000,0x00000000d7000000,0x00000000d8f00000)
  from space 5120K, 79% used [0x00000000d8f00000,0x00000000d92fc040,0x00000000d9400000)
  to   space 5120K, 0% used [0x00000000d9400000,0x00000000d9400000,0x00000000d9900000)
 ParOldGen       total 84992K, used 8K [0x0000000085000000, 0x000000008a300000, 0x00000000d7000000)
  object space 84992K, 0% used [0x0000000085000000,0x0000000085002000,0x000000008a300000)
 Metaspace       used 11393K, capacity 11854K, committed 12032K, reserved 1058816K
  class space    used 1522K, capacity 1689K, committed 1792K, reserved 1048576K
}
Event: 9.209 GC heap before
{Heap before GC invocations=2 (full 0):
 PSYoungGen      total 36864K, used 35824K [0x00000000d7000000, 0x00000000d9900000, 0x0000000100000000)
  eden space 31744K, 100% used [0x00000000d7000000,0x00000000d8f00000,0x00000000d8f00000)
  from space 5120K, 79% used [0x00000000d8f00000,0x00000000d92fc040,0x00000000d9400000)
  to   space 5120K, 0% used [0x00000000d9400000,0x00000000d9400000,0x00000000d9900000)
 ParOldGen       total 84992K, used 8K [0x0000000085000000, 0x000000008a300000, 0x00000000d7000000)
  object space 84992K, 0% used [0x0000000085000000,0x0000000085002000,0x000000008a300000)
 Metaspace       used 19181K, capacity 20232K, committed 20480K, reserved 1067008K
  class space    used 2788K, capacity 3018K, committed 3072K, reserved 1048576K
Event: 9.238 GC heap after
Heap after GC invocations=2 (full 0):
 PSYoungGen      total 36864K, used 5088K [0x00000000d7000000, 0x00000000d9900000, 0x0000000100000000)
  eden space 31744K, 0% used [0x00000000d7000000,0x00000000d7000000,0x00000000d8f00000)
  from space 5120K, 99% used [0x00000000d9400000,0x00000000d98f8048,0x00000000d9900000)
  to   space 5120K, 0% used [0x00000000d8f00000,0x00000000d8f00000,0x00000000d9400000)
 ParOldGen       total 84992K, used 3431K [0x0000000085000000, 0x000000008a300000, 0x00000000d7000000)
  object space 84992K, 4% used [0x0000000085000000,0x0000000085359db8,0x000000008a300000)
 Metaspace       used 19181K, capacity 20232K, committed 20480K, reserved 1067008K
  class space    used 2788K, capacity 3018K, committed 3072K, reserved 1048576K
}
Event: 9.323 GC heap before
{Heap before GC invocations=3 (full 0):
 PSYoungGen      total 36864K, used 7969K [0x00000000d7000000, 0x00000000d9900000, 0x0000000100000000)
  eden space 31744K, 9% used [0x00000000d7000000,0x00000000d72d0750,0x00000000d8f00000)
  from space 5120K, 99% used [0x00000000d9400000,0x00000000d98f8048,0x00000000d9900000)
  to   space 5120K, 0% used [0x00000000d8f00000,0x00000000d8f00000,0x00000000d9400000)
 ParOldGen       total 84992K, used 3431K [0x0000000085000000, 0x000000008a300000, 0x00000000d7000000)
  object space 84992K, 4% used [0x0000000085000000,0x0000000085359db8,0x000000008a300000)
 Metaspace       used 20160K, capacity 21212K, committed 21296K, reserved 1067008K
  class space    used 2912K, capacity 3150K, committed 3200K, reserved 1048576K
Event: 9.339 GC heap after
Heap after GC invocations=3 (full 0):
 PSYoungGen      total 36864K, used 5116K [0x00000000d7000000, 0x00000000db800000, 0x0000000100000000)
  eden space 31744K, 0% used [0x00000000d7000000,0x00000000d7000000,0x00000000d8f00000)
  from space 5120K, 99% used [0x00000000d8f00000,0x00000000d93ff290,0x00000000d9400000)
  to   space 5120K, 0% used [0x00000000db300000,0x00000000db300000,0x00000000db800000)
 ParOldGen       total 84992K, used 3671K [0x0000000085000000, 0x000000008a300000, 0x00000000d7000000)
  object space 84992K, 4% used [0x0000000085000000,0x0000000085395dc8,0x000000008a300000)
 Metaspace       used 20160K, capacity 21212K, committed 21296K, reserved 1067008K
  class space    used 2912K, capacity 3150K, committed 3200K, reserved 1048576K
}
Event: 9.339 GC heap before
{Heap before GC invocations=4 (full 1):
 PSYoungGen      total 36864K, used 5116K [0x00000000d7000000, 0x00000000db800000, 0x0000000100000000)
  eden space 31744K, 0% used [0x00000000d7000000,0x00000000d7000000,0x00000000d8f00000)
  from space 5120K, 99% used [0x00000000d8f00000,0x00000000d93ff290,0x00000000d9400000)
  to   space 5120K, 0% used [0x00000000db300000,0x00000000db300000,0x00000000db800000)
 ParOldGen       total 84992K, used 3671K [0x0000000085000000, 0x000000008a300000, 0x00000000d7000000)
  object space 84992K, 4% used [0x0000000085000000,0x0000000085395dc8,0x000000008a300000)
 Metaspace       used 20160K, capacity 21212K, committed 21296K, reserved 1067008K
  class space    used 2912K, capacity 3150K, committed 3200K, reserved 1048576K
Event: 9.451 GC heap after
Heap after GC invocations=4 (full 1):
 PSYoungGen      total 36864K, used 0K [0x00000000d7000000, 0x00000000db800000, 0x0000000100000000)
  eden space 31744K, 0% used [0x00000000d7000000,0x00000000d7000000,0x00000000d8f00000)
  from space 5120K, 0% used [0x00000000d8f00000,0x00000000d8f00000,0x00000000d9400000)
  to   space 5120K, 0% used [0x00000000db300000,0x00000000db300000,0x00000000db800000)
 ParOldGen       total 50688K, used 8577K [0x0000000085000000, 0x0000000088180000, 0x00000000d7000000)
  object space 50688K, 16% used [0x0000000085000000,0x0000000085860590,0x0000000088180000)
 Metaspace       used 20160K, capacity 21212K, committed 21296K, reserved 1067008K
  class space    used 2912K, capacity 3150K, committed 3200K, reserved 1048576K
}

