# JRE version: Java(TM) SE Runtime Environment (8.0_111-b14) (build 1.8.0_111-b14)
# Java VM: Java HotSpot(TM) 64-Bit Server VM (25.111-b14 mixed mode linux-amd64 compressed oops)
Heap:
 PSYoungGen      total 68608K, used 16915K [0x00000000d7000000, 0x00000000db800000, 0x0000000100000000)
  eden space 63488K, 26% used [0x00000000d7000000,0x00000000d8084ec0,0x00000000dae00000)
  from space 5120K, 0% used [0x00000000db300000,0x00000000db300000,0x00000000db800000)
  to   space 5120K, 0% used [0x00000000dae00000,0x00000000dae00000,0x00000000db300000)
 ParOldGen       total 70656K, used 11031K [0x0000000085000000, 0x0000000089500000, 0x00000000d7000000)
  object space 70656K, 15% used [0x0000000085000000,0x0000000085ac5cd8,0x0000000089500000)
 Metaspace       used 21967K, capacity 23542K, committed 23808K, reserved 1069056K
  class space    used 3167K, capacity 3480K, committed 3584K, reserved 1048576K
GC Heap History (6 events):
Event: 2.072 GC heap before
{Heap before GC invocations=1 (full 0):
 PSYoungGen      total 36864K, used 31142K [0x00000000d7000000, 0x00000000d9900000, 0x0000000100000000)
  eden space 31744K, 98% used [0x00000000d7000000,0x00000000d8e698b8,0x00000000d8f00000)
  from space 5120K, 0% used [0x00000000d9400000,0x00000000d9400000,0x00000000d9900000)
  to   space 5120K, 0% used [0x00000000d8f00000,0x00000000d8f00000,0x00000000d9400000)
 ParOldGen       total 84992K, used 0K [0x0000000085000000, 0x000000008a300000, 0x00000000d7000000)
  object space 84992K, 0% used [0x0000000085000000,0x0000000085000000,0x000000008a300000)
 Metaspace       used 11890K, capacity 12304K, committed 12544K, reserved 1060864K
  class space    used 1589K, capacity 1729K, committed 1792K, reserved 1048576K
Event: 2.101 GC heap after
Heap after GC invocations=1 (full 0):
 PSYoungGen      total 36864K, used 4257K [0x00000000d7000000, 0x00000000db800000, 0x0000000100000000)
  eden space 31744K, 0% used [0x00000000d7000000,0x00000000d7000000,0x00000000d8f00000)
  from space 5120K, 83% used [0x00000000d8f00000,0x00000000d93285e8,0x00000000d9400000)
  to   space 5120K, 0% used [0x00000000db300000,0x00000000db300000,0x00000000db800000)
 ParOldGen       total 84992K, used 80K [0x0000000085000000, 0x000000008a300000, 0x00000000d7000000)
  object space 84992K, 0% used [0x0000000085000000,0x0000000085014010,0x000000008a300000)
 Metaspace       used 11890K, capacity 12304K, committed 12544K, reserved 1060864K
  class space    used 1589K, capacity 1729K, committed 1792K, reserved 1048576K
}
Event: 5.354 GC heap before
{Heap before GC invocations=2 (full 0):
 PSYoungGen      total 36864K, used 35294K [0x00000000d7000000, 0x00000000db800000, 0x0000000100000000)
  eden space 31744K, 97% used [0x00000000d7000000,0x00000000d8e4f4e8,0x00000000d8f00000)
  from space 5120K, 83% used [0x00000000d8f00000,0x00000000d93285e8,0x00000000d9400000)
  to   space 5120K, 0% used [0x00000000db300000,0x00000000db300000,0x00000000db800000)
 ParOldGen       total 84992K, used 80K [0x0000000085000000, 0x000000008a300000, 0x00000000d7000000)
  object space 84992K, 0% used [0x0000000085000000,0x0000000085014010,0x000000008a300000)
 Metaspace       used 19796K, capacity 21198K, committed 21248K, reserved 1067008K
  class space    used 3010K, capacity 3290K, committed 3328K, reserved 1048576K
Event: 5.383 GC heap after
Heap after GC invocations=2 (full 0):
 PSYoungGen      total 68608K, used 5117K [0x00000000d7000000, 0x00000000db800000, 0x0000000100000000)
  eden space 63488K, 0% used [0x00000000d7000000,0x00000000d7000000,0x00000000dae00000)
  from space 5120K, 99% used [0x00000000db300000,0x00000000db7ff768,0x00000000db800000)
  to   space 5120K, 0% used [0x00000000dae00000,0x00000000dae00000,0x00000000db300000)
 ParOldGen       total 84992K, used 6073K [0x0000000085000000, 0x000000008a300000, 0x00000000d7000000)
  object space 84992K, 7% used [0x0000000085000000,0x00000000855ee7e0,0x000000008a300000)
 Metaspace       used 19796K, capacity 21198K, committed 21248K, reserved 1067008K
  class space    used 3010K, capacity 3290K, committed 3328K, reserved 1048576K
}
Event: 5.383 GC heap before
{Heap before GC invocations=3 (full 1):
 PSYoungGen      total 68608K, used 5117K [0x00000000d7000000, 0x00000000db800000, 0x0000000100000000)
  eden space 63488K, 0% used [0x00000000d7000000,0x00000000d7000000,0x00000000dae00000)
  from space 5120K, 99% used [0x00000000db300000,0x00000000db7ff768,0x00000000db800000)
  to   space 5120K, 0% used [0x00000000dae00000,0x00000000dae00000,0x00000000db300000)
 ParOldGen       total 84992K, used 6073K [0x0000000085000000, 0x000000008a300000, 0x00000000d7000000)
  object space 84992K, 7% used [0x0000000085000000,0x00000000855ee7e0,0x000000008a300000)
 Metaspace       used 19796K, capacity 21198K, committed 21248K, reserved 1067008K
  class space    used 3010K, capacity 3290K, committed 3328K, reserved 1048576K
Event: 5.481 GC heap after
Heap after GC invocations=3 (full 1):
 PSYoungGen      total 68608K, used 0K [0x00000000d7000000, 0x00000000db800000, 0x0000000100000000)
  eden space 63488K, 0% used [0x00000000d7000000,0x00000000d7000000,0x00000000dae00000)
  from space 5120K, 0% used [0x00000000db300000,0x00000000db300000,0x00000000db800000)
  to   space 5120K, 0% used [0x00000000dae00000,0x00000000dae00000,0x00000000db300000)
 ParOldGen       total 70656K, used 11031K [0x0000000085000000, 0x0000000089500000, 0x00000000d7000000)
  object space 70656K, 15% used [0x0000000085000000,0x0000000085ac5cd8,0x0000000089500000)
 Metaspace       used 19796K, capacity 21198K, committed 21248K, reserved 1067008K
  class space    used 3010K, capacity 3290K, committed 3328K, reserved 1048576K
}

