# JRE version: Java(TM) SE Runtime Environment (8.0_111-b14) (build 1.8.0_111-b14)
# Java VM: Java HotSpot(TM) 64-Bit Server VM (25.111-b14 mixed mode linux-amd64 compressed oops)
Heap:
 PSYoungGen      total 90112K, used 15739K [0x00000000d7000000, 0x00000000ddf80000, 0x0000000100000000)
  eden space 78336K, 9% used [0x00000000d7000000,0x00000000d774a2c8,0x00000000dbc80000)
  from space 11776K, 70% used [0x00000000dc880000,0x00000000dd094c70,0x00000000dd400000)
  to   space 12288K, 0% used [0x00000000dbc80000,0x00000000dbc80000,0x00000000dc880000)
 ParOldGen       total 60416K, used 20623K [0x0000000085000000, 0x0000000088b00000, 0x00000000d7000000)
  object space 60416K, 34% used [0x0000000085000000,0x0000000086423ce0,0x0000000088b00000)
 Metaspace       used 25151K, capacity 26810K, committed 27136K, reserved 1073152K
  class space    used 3430K, capacity 3720K, committed 3840K, reserved 1048576K
GC Heap History (10 events):
Event: 5.575 GC heap before
{Heap before GC invocations=3 (full 0):
 PSYoungGen      total 36864K, used 7582K [0x00000000d7000000, 0x00000000d9900000, 0x0000000100000000)
  eden space 31744K, 7% used [0x00000000d7000000,0x00000000d72680b0,0x00000000d8f00000)
  from space 5120K, 99% used [0x00000000d9400000,0x00000000d98ff7a0,0x00000000d9900000)
  to   space 5120K, 0% used [0x00000000d8f00000,0x00000000d8f00000,0x00000000d9400000)
 ParOldGen       total 84992K, used 5657K [0x0000000085000000, 0x000000008a300000, 0x00000000d7000000)
  object space 84992K, 6% used [0x0000000085000000,0x0000000085586670,0x000000008a300000)
 Metaspace       used 19753K, capacity 21172K, committed 21248K, reserved 1067008K
  class space    used 3009K, capacity 3291K, committed 3328K, reserved 1048576K
Event: 5.600 GC heap after
Heap after GC invocations=3 (full 0):
 PSYoungGen      total 36864K, used 5101K [0x00000000d7000000, 0x00000000db800000, 0x0000000100000000)
  eden space 31744K, 0% used [0x00000000d7000000,0x00000000d7000000,0x00000000d8f00000)
  from space 5120K, 99% used [0x00000000d8f00000,0x00000000d93fb7b0,0x00000000d9400000)
  to   space 5120K, 0% used [0x00000000db300000,0x00000000db300000,0x00000000db800000)
 ParOldGen       total 84992K, used 6729K [0x0000000085000000, 0x000000008a300000, 0x00000000d7000000)
  object space 84992K, 7% used [0x0000000085000000,0x0000000085692680,0x000000008a300000)
 Metaspace       used 19753K, capacity 21172K, committed 21248K, reserved 1067008K
  class space    used 3009K, capacity 3291K, committed 3328K, reserved 1048576K
}
Event: 5.600 GC heap before
{Heap before GC invocations=4 (full 1):
 PSYoungGen      total 36864K, used 5101K [0x00000000d7000000, 0x00000000db800000, 0x0000000100000000)
  eden space 31744K, 0% used [0x00000000d7000000,0x00000000d7000000,0x00000000d8f00000)
  from space 5120K, 99% used [0x00000000d8f00000,0x00000000d93fb7b0,0x00000000d9400000)
  to   space 5120K, 0% used [0x00000000db300000,0x00000000db300000,0x00000000db800000)
 ParOldGen       total 84992K, used 6729K [0x0000000085000000, 0x000000008a300000, 0x00000000d7000000)
  object space 84992K, 7% used [0x0000000085000000,0x0000000085692680,0x000000008a300000)
 Metaspace       used 19753K, capacity 21172K, committed 21248K, reserved 1067008K
  class space    used 3009K, capacity 3291K, committed 3328K, reserved 1048576K
Event: 5.789 GC heap after
Heap after GC invocations=4 (full 1):
 PSYoungGen      total 36864K, used 0K [0x00000000d7000000, 0x00000000db800000, 0x0000000100000000)
  eden space 31744K, 0% used [0x00000000d7000000,0x00000000d7000000,0x00000000d8f00000)
  from space 5120K, 0% used [0x00000000d8f00000,0x00000000d8f00000,0x00000000d9400000)
  to   space 5120K, 0% used [0x00000000db300000,0x00000000db300000,0x00000000db800000)
 ParOldGen       total 60416K, used 11655K [0x0000000085000000, 0x0000000088b00000, 0x00000000d7000000)
  object space 60416K, 19% used [0x0000000085000000,0x0000000085b61cc0,0x0000000088b00000)
 Metaspace       used 19753K, capacity 21172K, committed 21248K, reserved 1067008K
  class space    used 3009K, capacity 3291K, committed 3328K, reserved 1048576K
}
Event: 37.804 GC heap before
{Heap before GC invocations=5 (full 1):
 PSYoungGen      total 36864K, used 31744K [0x00000000d7000000, 0x00000000db800000, 0x0000000100000000)
  eden space 31744K, 100% used [0x00000000d7000000,0x00000000d8f00000,0x00000000d8f00000)
  from space 5120K, 0% used [0x00000000d8f00000,0x00000000d8f00000,0x00000000d9400000)
  to   space 5120K, 0% used [0x00000000db300000,0x00000000db300000,0x00000000db800000)
 ParOldGen       total 60416K, used 11655K [0x0000000085000000, 0x0000000088b00000, 0x00000000d7000000)
  object space 60416K, 19% used [0x0000000085000000,0x0000000085b61cc0,0x0000000088b00000)
 Metaspace       used 23702K, capacity 25284K, committed 25472K, reserved 1071104K
  class space    used 3321K, capacity 3639K, committed 3712K, reserved 1048576K
Event: 37.815 GC heap after
Heap after GC invocations=5 (full 1):
 PSYoungGen      total 53760K, used 2239K [0x00000000d7000000, 0x00000000db580000, 0x0000000100000000)
  eden space 51200K, 0% used [0x00000000d7000000,0x00000000d7000000,0x00000000da200000)
  from space 2560K, 87% used [0x00000000db300000,0x00000000db52fcb0,0x00000000db580000)
  to   space 5120K, 0% used [0x00000000dab80000,0x00000000dab80000,0x00000000db080000)
 ParOldGen       total 60416K, used 11655K [0x0000000085000000, 0x0000000088b00000, 0x00000000d7000000)
  object space 60416K, 19% used [0x0000000085000000,0x0000000085b61cc0,0x0000000088b00000)
 Metaspace       used 23702K, capacity 25284K, committed 25472K, reserved 1071104K
  class space    used 3321K, capacity 3639K, committed 3712K, reserved 1048576K
}
Event: 72.203 GC heap before
{Heap before GC invocations=6 (full 1):
 PSYoungGen      total 53760K, used 50833K [0x00000000d7000000, 0x00000000db580000, 0x0000000100000000)
  eden space 51200K, 94% used [0x00000000d7000000,0x00000000d9f74b18,0x00000000da200000)
  from space 2560K, 87% used [0x00000000db300000,0x00000000db52fcb0,0x00000000db580000)
  to   space 5120K, 0% used [0x00000000dab80000,0x00000000dab80000,0x00000000db080000)
 ParOldGen       total 60416K, used 11655K [0x0000000085000000, 0x0000000088b00000, 0x00000000d7000000)
  object space 60416K, 19% used [0x0000000085000000,0x0000000085b61cc0,0x0000000088b00000)
 Metaspace       used 24664K, capacity 26240K, committed 26496K, reserved 1073152K
  class space    used 3396K, capacity 3673K, committed 3712K, reserved 1048576K
Event: 72.230 GC heap after
Heap after GC invocations=6 (full 1):
 PSYoungGen      total 66048K, used 2755K [0x00000000d7000000, 0x00000000dd400000, 0x0000000100000000)
  eden space 60928K, 0% used [0x00000000d7000000,0x00000000d7000000,0x00000000dab80000)
  from space 5120K, 53% used [0x00000000dab80000,0x00000000dae30c50,0x00000000db080000)
  to   space 11776K, 0% used [0x00000000dc880000,0x00000000dc880000,0x00000000dd400000)
 ParOldGen       total 60416K, used 20623K [0x0000000085000000, 0x0000000088b00000, 0x00000000d7000000)
  object space 60416K, 34% used [0x0000000085000000,0x0000000086423ce0,0x0000000088b00000)
 Metaspace       used 24664K, capacity 26240K, committed 26496K, reserved 1073152K
  class space    used 3396K, capacity 3673K, committed 3712K, reserved 1048576K
}
Event: 142.338 GC heap before
{Heap before GC invocations=7 (full 1):
 PSYoungGen      total 66048K, used 63683K [0x00000000d7000000, 0x00000000dd400000, 0x0000000100000000)
  eden space 60928K, 100% used [0x00000000d7000000,0x00000000dab80000,0x00000000dab80000)
  from space 5120K, 53% used [0x00000000dab80000,0x00000000dae30c50,0x00000000db080000)
  to   space 11776K, 0% used [0x00000000dc880000,0x00000000dc880000,0x00000000dd400000)
 ParOldGen       total 60416K, used 20623K [0x0000000085000000, 0x0000000088b00000, 0x00000000d7000000)
  object space 60416K, 34% used [0x0000000085000000,0x0000000086423ce0,0x0000000088b00000)
 Metaspace       used 25137K, capacity 26810K, committed 27136K, reserved 1073152K
  class space    used 3430K, capacity 3720K, committed 3840K, reserved 1048576K
Event: 142.358 GC heap after
Heap after GC invocations=7 (full 1):
 PSYoungGen      total 90112K, used 8275K [0x00000000d7000000, 0x00000000ddf80000, 0x0000000100000000)
  eden space 78336K, 0% used [0x00000000d7000000,0x00000000d7000000,0x00000000dbc80000)
  from space 11776K, 70% used [0x00000000dc880000,0x00000000dd094c70,0x00000000dd400000)
  to   space 12288K, 0% used [0x00000000dbc80000,0x00000000dbc80000,0x00000000dc880000)
 ParOldGen       total 60416K, used 20623K [0x0000000085000000, 0x0000000088b00000, 0x00000000d7000000)
  object space 60416K, 34% used [0x0000000085000000,0x0000000086423ce0,0x0000000088b00000)
 Metaspace       used 25137K, capacity 26810K, committed 27136K, reserved 1073152K
  class space    used 3430K, capacity 3720K, committed 3840K, reserved 1048576K
}

