# JRE version: Java(TM) SE Runtime Environment (8.0_111-b14) (build 1.8.0_111-b14)
# Java VM: Java HotSpot(TM) 64-Bit Server VM (25.111-b14 mixed mode linux-amd64 compressed oops)
Heap:
 PSYoungGen      total 43008K, used 15604K [0x00000000d7000000, 0x00000000da000000, 0x0000000100000000)
  eden space 38400K, 28% used [0x00000000d7000000,0x00000000d7add040,0x00000000d9580000)
  from space 4608K, 97% used [0x00000000d9b80000,0x00000000d9fdffd0,0x00000000da000000)
  to   space 5120K, 0% used [0x00000000d9600000,0x00000000d9600000,0x00000000d9b00000)
 ParOldGen       total 72704K, used 11110K [0x0000000085000000, 0x0000000089700000, 0x00000000d7000000)
  object space 72704K, 15% used [0x0000000085000000,0x0000000085ad9b68,0x0000000089700000)
 Metaspace       used 24622K, capacity 26184K, committed 26496K, reserved 1073152K
  class space    used 3366K, capacity 3649K, committed 3712K, reserved 1048576K
GC Heap History (10 events):
Event: 3.123 GC heap before
{Heap before GC invocations=1 (full 0):
 PSYoungGen      total 36864K, used 31142K [0x00000000d7000000, 0x00000000d9900000, 0x0000000100000000)
  eden space 31744K, 98% used [0x00000000d7000000,0x00000000d8e69bd0,0x00000000d8f00000)
  from space 5120K, 0% used [0x00000000d9400000,0x00000000d9400000,0x00000000d9900000)
  to   space 5120K, 0% used [0x00000000d8f00000,0x00000000d8f00000,0x00000000d9400000)
 ParOldGen       total 84992K, used 0K [0x0000000085000000, 0x000000008a300000, 0x00000000d7000000)
  object space 84992K, 0% used [0x0000000085000000,0x0000000085000000,0x000000008a300000)
 Metaspace       used 11881K, capacity 12296K, committed 12544K, reserved 1060864K
  class space    used 1588K, capacity 1729K, committed 1792K, reserved 1048576K
Event: 3.141 GC heap after
Heap after GC invocations=1 (full 0):
 PSYoungGen      total 36864K, used 4321K [0x00000000d7000000, 0x00000000d9900000, 0x0000000100000000)
  eden space 31744K, 0% used [0x00000000d7000000,0x00000000d7000000,0x00000000d8f00000)
  from space 5120K, 84% used [0x00000000d8f00000,0x00000000d9338660,0x00000000d9400000)
  to   space 5120K, 0% used [0x00000000d9400000,0x00000000d9400000,0x00000000d9900000)
 ParOldGen       total 84992K, used 8K [0x0000000085000000, 0x000000008a300000, 0x00000000d7000000)
  object space 84992K, 0% used [0x0000000085000000,0x0000000085002000,0x000000008a300000)
 Metaspace       used 11881K, capacity 12296K, committed 12544K, reserved 1060864K
  class space    used 1588K, capacity 1729K, committed 1792K, reserved 1048576K
}
Event: 6.670 GC heap before
{Heap before GC invocations=2 (full 0):
 PSYoungGen      total 36864K, used 34692K [0x00000000d7000000, 0x00000000d9900000, 0x0000000100000000)
  eden space 31744K, 95% used [0x00000000d7000000,0x00000000d8da8bc0,0x00000000d8f00000)
  from space 5120K, 84% used [0x00000000d8f00000,0x00000000d9338660,0x00000000d9400000)
  to   space 5120K, 0% used [0x00000000d9400000,0x00000000d9400000,0x00000000d9900000)
 ParOldGen       total 84992K, used 8K [0x0000000085000000, 0x000000008a300000, 0x00000000d7000000)
  object space 84992K, 0% used [0x0000000085000000,0x0000000085002000,0x000000008a300000)
 Metaspace       used 19808K, capacity 21166K, committed 21248K, reserved 1067008K
  class space    used 3003K, capacity 3280K, committed 3328K, reserved 1048576K
Event: 6.710 GC heap after
Heap after GC invocations=2 (full 0):
 PSYoungGen      total 36864K, used 5100K [0x00000000d7000000, 0x00000000d9900000, 0x0000000100000000)
  eden space 31744K, 0% used [0x00000000d7000000,0x00000000d7000000,0x00000000d8f00000)
  from space 5120K, 99% used [0x00000000d9400000,0x00000000d98fb048,0x00000000d9900000)
  to   space 5120K, 0% used [0x00000000d8f00000,0x00000000d8f00000,0x00000000d9400000)
 ParOldGen       total 84992K, used 6181K [0x0000000085000000, 0x000000008a300000, 0x00000000d7000000)
  object space 84992K, 7% used [0x0000000085000000,0x0000000085609790,0x000000008a300000)
 Metaspace       used 19808K, capacity 21166K, committed 21248K, reserved 1067008K
  class space    used 3003K, capacity 3280K, committed 3328K, reserved 1048576K
}
Event: 6.710 GC heap before
{Heap before GC invocations=3 (full 1):
 PSYoungGen      total 36864K, used 5100K [0x00000000d7000000, 0x00000000d9900000, 0x0000000100000000)
  eden space 31744K, 0% used [0x00000000d7000000,0x00000000d7000000,0x00000000d8f00000)
  from space 5120K, 99% used [0x00000000d9400000,0x00000000d98fb048,0x00000000d9900000)
  to   space 5120K, 0% used [0x00000000d8f00000,0x00000000d8f00000,0x00000000d9400000)
 ParOldGen       total 84992K, used 6181K [0x0000000085000000, 0x000000008a300000, 0x00000000d7000000)
  object space 84992K, 7% used [0x0000000085000000,0x0000000085609790,0x000000008a300000)
 Metaspace       used 19808K, capacity 21166K, committed 21248K, reserved 1067008K
  class space    used 3003K, capacity 3280K, committed 3328K, reserved 1048576K
Event: 6.829 GC heap after
Heap after GC invocations=3 (full 1):
 PSYoungGen      total 36864K, used 0K [0x00000000d7000000, 0x00000000d9900000, 0x0000000100000000)
  eden space 31744K, 0% used [0x00000000d7000000,0x00000000d7000000,0x00000000d8f00000)
  from space 5120K, 0% used [0x00000000d9400000,0x00000000d9400000,0x00000000d9900000)
  to   space 5120K, 0% used [0x00000000d8f00000,0x00000000d8f00000,0x00000000d9400000)
 ParOldGen       total 72704K, used 11094K [0x0000000085000000, 0x0000000089700000, 0x00000000d7000000)
  object space 72704K, 15% used [0x0000000085000000,0x0000000085ad5b68,0x0000000089700000)
 Metaspace       used 19808K, capacity 21166K, committed 21248K, reserved 1067008K
  class space    used 3003K, capacity 3280K, committed 3328K, reserved 1048576K
}
Event: 44.052 GC heap before
{Heap before GC invocations=4 (full 1):
 PSYoungGen      total 36864K, used 31525K [0x00000000d7000000, 0x00000000d9900000, 0x0000000100000000)
  eden space 31744K, 99% used [0x00000000d7000000,0x00000000d8ec9798,0x00000000d8f00000)
  from space 5120K, 0% used [0x00000000d9400000,0x00000000d9400000,0x00000000d9900000)
  to   space 5120K, 0% used [0x00000000d8f00000,0x00000000d8f00000,0x00000000d9400000)
 ParOldGen       total 72704K, used 11094K [0x0000000085000000, 0x0000000089700000, 0x00000000d7000000)
  object space 72704K, 15% used [0x0000000085000000,0x0000000085ad5b68,0x0000000089700000)
 Metaspace       used 23942K, capacity 25516K, committed 25728K, reserved 1071104K
  class space    used 3325K, capacity 3645K, committed 3712K, reserved 1048576K
Event: 44.064 GC heap after
Heap after GC invocations=4 (full 1):
 PSYoungGen      total 36864K, used 4043K [0x00000000d7000000, 0x00000000da080000, 0x0000000100000000)
  eden space 31744K, 0% used [0x00000000d7000000,0x00000000d7000000,0x00000000d8f00000)
  from space 5120K, 78% used [0x00000000d8f00000,0x00000000d92f2dc8,0x00000000d9400000)
  to   space 5120K, 0% used [0x00000000d9b80000,0x00000000d9b80000,0x00000000da080000)
 ParOldGen       total 72704K, used 11102K [0x0000000085000000, 0x0000000089700000, 0x00000000d7000000)
  object space 72704K, 15% used [0x0000000085000000,0x0000000085ad7b68,0x0000000089700000)
 Metaspace       used 23942K, capacity 25516K, committed 25728K, reserved 1071104K
  class space    used 3325K, capacity 3645K, committed 3712K, reserved 1048576K
}
Event: 77.837 GC heap before
{Heap before GC invocations=5 (full 1):
 PSYoungGen      total 36864K, used 35787K [0x00000000d7000000, 0x00000000da080000, 0x0000000100000000)
  eden space 31744K, 100% used [0x00000000d7000000,0x00000000d8f00000,0x00000000d8f00000)
  from space 5120K, 78% used [0x00000000d8f00000,0x00000000d92f2dc8,0x00000000d9400000)
  to   space 5120K, 0% used [0x00000000d9b80000,0x00000000d9b80000,0x00000000da080000)
 ParOldGen       total 72704K, used 11102K [0x0000000085000000, 0x0000000089700000, 0x00000000d7000000)
  object space 72704K, 15% used [0x0000000085000000,0x0000000085ad7b68,0x0000000089700000)
 Metaspace       used 24480K, capacity 26054K, committed 26240K, reserved 1071104K
  class space    used 3355K, capacity 3648K, committed 3712K, reserved 1048576K
Event: 77.860 GC heap after
Heap after GC invocations=5 (full 1):
 PSYoungGen      total 43008K, used 4479K [0x00000000d7000000, 0x00000000da000000, 0x0000000100000000)
  eden space 38400K, 0% used [0x00000000d7000000,0x00000000d7000000,0x00000000d9580000)
  from space 4608K, 97% used [0x00000000d9b80000,0x00000000d9fdffd0,0x00000000da000000)
  to   space 5120K, 0% used [0x00000000d9600000,0x00000000d9600000,0x00000000d9b00000)
 ParOldGen       total 72704K, used 11110K [0x0000000085000000, 0x0000000089700000, 0x00000000d7000000)
  object space 72704K, 15% used [0x0000000085000000,0x0000000085ad9b68,0x0000000089700000)
 Metaspace       used 24480K, capacity 26054K, committed 26240K, reserved 1071104K
  class space    used 3355K, capacity 3648K, committed 3712K, reserved 1048576K
}

